빌드 시작: 2014-10-20 오후 6:43:39
     1>2 노드의 "D:\김태우\Project\양팔로봇\4차년도\00_프로그램\H&T_RTS\HT_RTS\HT_RTS.vcxproj" 프로젝트(build 대상)입니다.
     1>InitializeBuildStatus:
         "AlwaysCreate"이(가) 지정되었기 때문에 "x64\Debug\HT_RTS.unsuccessfulbuild"을(를) 만들고 있습니다.
       ClCompile:
         C:\Program Files (x86)\Microsoft Visual Studio 10.0\VC\bin\x86_amd64\CL.exe /c /I"D:\Libraries\glut-3.7.6-bin" /Zi /nologo /W3 /WX- /Od /D WIN32 /D _WINDOWS /D _DEBUG /D _MBCS /D _AFXDLL /Gm /EHsc /RTC1 /MDd /GS /fp:precise /Zc:wchar_t /Zc:forScope /Yc"StdAfx.h" /Fp"x64\Debug\HT_RTS.pch" /Fo"x64\Debug\\" /Fd"x64\Debug\vc100.pdb" /Gd /TP /errorReport:prompt stdafx.cpp
         stdafx.cpp
         C:\Program Files (x86)\Microsoft Visual Studio 10.0\VC\bin\x86_amd64\CL.exe /c /I"D:\Libraries\glut-3.7.6-bin" /Zi /nologo /W3 /WX- /Od /D WIN32 /D _WINDOWS /D _DEBUG /D _MBCS /D _AFXDLL /Gm /EHsc /RTC1 /MDd /GS /fp:precise /Zc:wchar_t /Zc:forScope /Yu"StdAfx.h" /Fp"x64\Debug\HT_RTS.pch" /Fo"x64\Debug\\" /Fd"x64\Debug\vc100.pdb" /Gd /TP /errorReport:prompt ConnectSocket.cpp HT_RTS.cpp HT_RTSDlg.cpp IOTab.cpp LargeText.cpp MainControlTab.cpp OpenGLControl.cpp ProgramTab.cpp VisionTab.cpp
         VisionTab.cpp
         ProgramTab.cpp
         OpenGLControl.cpp
         MainControlTab.cpp
     1>MainControlTab.cpp(239): warning C4244: '=' : 'double'에서 'float'(으)로 변환하면서 데이터가 손실될 수 있습니다.
     1>MainControlTab.cpp(269): warning C4244: '=' : 'double'에서 'float'(으)로 변환하면서 데이터가 손실될 수 있습니다.
     1>MainControlTab.cpp(300): warning C4244: '=' : 'double'에서 'float'(으)로 변환하면서 데이터가 손실될 수 있습니다.
     1>MainControlTab.cpp(330): warning C4244: '=' : 'double'에서 'float'(으)로 변환하면서 데이터가 손실될 수 있습니다.
     1>MainControlTab.cpp(359): warning C4244: '=' : 'double'에서 'float'(으)로 변환하면서 데이터가 손실될 수 있습니다.
         LargeText.cpp
         IOTab.cpp
         HT_RTSDlg.cpp
         HT_RTS.cpp
         ConnectSocket.cpp
         Generating Code...
       ResourceCompile:
         C:\Program Files (x86)\Microsoft SDKs\Windows\v7.0A\bin\rc.exe /D _DEBUG /D _AFXDLL /l"0x0412" /Ix64\Debug\ /nologo /fo"x64\Debug\HT_RTS.res" HT_RTS.rc 
       ManifestResourceCompile:
         모든 출력이 최신 상태입니다.
       Link:
         C:\Program Files (x86)\Microsoft Visual Studio 10.0\VC\bin\x86_amd64\link.exe /ERRORREPORT:PROMPT /OUT:"D:\김태우\Project\양팔로봇\4차년도\00_프로그램\H&T_RTS\x64\Debug\HT_RTS.exe" /INCREMENTAL /NOLOGO /LIBPATH:"D:\Libraries\glut-3.7.6-bin" opengl32.lib glu32.lib /MANIFEST /ManifestFile:"x64\Debug\HT_RTS.exe.intermediate.manifest" /MANIFESTUAC:"level='asInvoker' uiAccess='false'" /DEBUG /PDB:"D:\김태우\Project\양팔로봇\4차년도\00_프로그램\H&T_RTS\x64\Debug\HT_RTS.pdb" /SUBSYSTEM:WINDOWS /TLBID:1 /DYNAMICBASE /NXCOMPAT /IMPLIB:"D:\김태우\Project\양팔로봇\4차년도\00_프로그램\H&T_RTS\x64\Debug\HT_RTS.lib" /MACHINE:X64 x64\Debug\HT_RTS.res
         x64\Debug\HT_RTS.exe.embed.manifest.res
         x64\Debug\ConnectSocket.obj
         x64\Debug\HT_RTS.obj
         x64\Debug\HT_RTSDlg.obj
         x64\Debug\IOTab.obj
         x64\Debug\LargeText.obj
         x64\Debug\MainControlTab.obj
         x64\Debug\OpenGLControl.obj
         x64\Debug\ProgramTab.obj
         x64\Debug\stdafx.obj
         x64\Debug\VisionTab.obj
         HT_RTS.vcxproj -> D:\김태우\Project\양팔로봇\4차년도\00_프로그램\H&T_RTS\x64\Debug\HT_RTS.exe
       Manifest:
         C:\Program Files (x86)\Microsoft SDKs\Windows\v7.0A\bin\mt.exe /nologo /verbose /out:"x64\Debug\HT_RTS.exe.embed.manifest" /manifest x64\Debug\HT_RTS.exe.intermediate.manifest "C:\Program Files (x86)\Microsoft Visual Studio 10.0\VC\Include\Manifest\dpiaware.manifest"
         모든 출력이 최신 상태입니다.
       LinkEmbedManifest:
         모든 출력이 최신 상태입니다.
         HT_RTS.vcxproj -> D:\김태우\Project\양팔로봇\4차년도\00_프로그램\H&T_RTS\x64\Debug\HT_RTS.exe
       FinalizeBuildStatus:
         "x64\Debug\HT_RTS.unsuccessfulbuild" 파일을 삭제하고 있습니다.
         "x64\Debug\HT_RTS.lastbuildstate"에 연결(touching)하고 있습니다.
     1>"D:\김태우\Project\양팔로봇\4차년도\00_프로그램\H&T_RTS\HT_RTS\HT_RTS.vcxproj" 프로젝트를 빌드했습니다(build 대상).

빌드했습니다.

경과 시간: 00:00:04.05
