빌드 시작: 2015-06-29 오후 3:54:17
     1>2 노드의 "C:\Users\tw\Dropbox\99_TeachingSW_ETRI\H&T_RTS_vT\TeachingSW\TeachingSW.vcxproj" 프로젝트(rebuild 대상)입니다.
     1>InitializeBuildStatus:
         "AlwaysCreate"이(가) 지정되었기 때문에 "Debug\TeachingSW.unsuccessfulbuild"을(를) 만들고 있습니다.
       ClCompile:
         C:\Program Files (x86)\Microsoft Visual Studio 10.0\VC\bin\CL.exe /c /I"C:\Users\tw\Dropbox\99_TeachingSW_ETRI\H&T_RTS_vT\Includes" /I"C:\Users\tw\Dropbox\99_TeachingSW_ETRI\H&T_RTS_vT\3rdparty\Eigen\Includes" /I"C:\Users\tw\Dropbox\99_TeachingSW_ETRI\H&T_RTS_vT\3rdparty\Omni\Includes" /I"C:\Users\tw\Dropbox\99_TeachingSW_ETRI\H&T_RTS_vT\3rdparty\Omni\Includes\utilities" /I"C:\Users\tw\Dropbox\99_TeachingSW_ETRI\H&T_RTS_vT\3rdparty\FADBAD\Includes" /I"F:\Program Files\MATLAB\R2010a\extern\include" /ZI /nologo /W3 /WX- /Od /Oy- /D WIN32 /D _DEBUG /D _CONSOLE /D _UNICODE /D UNICODE /Gm /EHsc /RTC1 /MDd /GS /fp:precise /Zc:wchar_t /Zc:forScope /Yc"Precompiled.h" /Fp"Debug\$Precompiledd.pch" /Fo"Debug\\" /Fd"Debug\vc100.pdb" /Gd /TP /analyze- /errorReport:prompt Precompiled.cpp
         Precompiled.cpp
         C:\Program Files (x86)\Microsoft Visual Studio 10.0\VC\bin\CL.exe /c /I"C:\Users\tw\Dropbox\99_TeachingSW_ETRI\H&T_RTS_vT\Includes" /I"C:\Users\tw\Dropbox\99_TeachingSW_ETRI\H&T_RTS_vT\3rdparty\Eigen\Includes" /I"C:\Users\tw\Dropbox\99_TeachingSW_ETRI\H&T_RTS_vT\3rdparty\Omni\Includes" /I"C:\Users\tw\Dropbox\99_TeachingSW_ETRI\H&T_RTS_vT\3rdparty\Omni\Includes\utilities" /I"C:\Users\tw\Dropbox\99_TeachingSW_ETRI\H&T_RTS_vT\3rdparty\FADBAD\Includes" /I"F:\Program Files\MATLAB\R2010a\extern\include" /ZI /nologo /W3 /WX- /Od /Oy- /D WIN32 /D _DEBUG /D _CONSOLE /D _UNICODE /D UNICODE /Gm /EHsc /RTC1 /MDd /GS /fp:precise /Zc:wchar_t /Zc:forScope /Yu"Precompiled.h" /Fp"Debug\$Precompiledd.pch" /Fo"Debug\\" /Fd"Debug\vc100.pdb" /Gd /TP /analyze- /errorReport:prompt Robot.cpp TeachingSW_HM.cpp T_Exo.cpp T_Omni.cpp ViaPoint.cpp
         ViaPoint.cpp
     1>c:\users\tw\dropbox\99_teachingsw_etri\h&t_rts_vt\teachingsw\viapoint.cpp(45): warning C4018: '>' : signed 또는 unsigned가 일치하지 않습니다.
     1>c:\users\tw\dropbox\99_teachingsw_etri\h&t_rts_vt\teachingsw\viapoint.cpp(51): warning C4018: '<' : signed 또는 unsigned가 일치하지 않습니다.
     1>c:\users\tw\dropbox\99_teachingsw_etri\h&t_rts_vt\teachingsw\viapoint.cpp(58): warning C4018: '<' : signed 또는 unsigned가 일치하지 않습니다.
     1>c:\users\tw\dropbox\99_teachingsw_etri\h&t_rts_vt\teachingsw\viapoint.cpp(70): warning C4018: '<' : signed 또는 unsigned가 일치하지 않습니다.
     1>c:\users\tw\dropbox\99_teachingsw_etri\h&t_rts_vt\teachingsw\viapoint.cpp(78): warning C4018: '<' : signed 또는 unsigned가 일치하지 않습니다.
     1>c:\users\tw\dropbox\99_teachingsw_etri\h&t_rts_vt\teachingsw\viapoint.cpp(116): warning C4018: '<' : signed 또는 unsigned가 일치하지 않습니다.
     1>c:\users\tw\dropbox\99_teachingsw_etri\h&t_rts_vt\teachingsw\viapoint.cpp(123): warning C4018: '<' : signed 또는 unsigned가 일치하지 않습니다.
     1>c:\users\tw\dropbox\99_teachingsw_etri\h&t_rts_vt\teachingsw\viapoint.cpp(156): warning C4996: 'strcpy': This function or variable may be unsafe. Consider using strcpy_s instead. To disable deprecation, use _CRT_SECURE_NO_WARNINGS. See online help for details.
                 c:\program files (x86)\microsoft visual studio 10.0\vc\include\string.h(105) : 'strcpy' 선언을 참조하십시오.
     1>c:\users\tw\dropbox\99_teachingsw_etri\h&t_rts_vt\teachingsw\viapoint.cpp(176): warning C4018: '<' : signed 또는 unsigned가 일치하지 않습니다.
     1>c:\users\tw\dropbox\99_teachingsw_etri\h&t_rts_vt\teachingsw\viapoint.cpp(183): warning C4018: '<' : signed 또는 unsigned가 일치하지 않습니다.
     1>c:\users\tw\dropbox\99_teachingsw_etri\h&t_rts_vt\teachingsw\viapoint.cpp(217): warning C4996: 'strcpy': This function or variable may be unsafe. Consider using strcpy_s instead. To disable deprecation, use _CRT_SECURE_NO_WARNINGS. See online help for details.
                 c:\program files (x86)\microsoft visual studio 10.0\vc\include\string.h(105) : 'strcpy' 선언을 참조하십시오.
     1>c:\users\tw\dropbox\99_teachingsw_etri\h&t_rts_vt\teachingsw\viapoint.cpp(224): warning C4018: '<' : signed 또는 unsigned가 일치하지 않습니다.
     1>c:\users\tw\dropbox\99_teachingsw_etri\h&t_rts_vt\teachingsw\viapoint.cpp(227): warning C4996: 'strcpy': This function or variable may be unsafe. Consider using strcpy_s instead. To disable deprecation, use _CRT_SECURE_NO_WARNINGS. See online help for details.
                 c:\program files (x86)\microsoft visual studio 10.0\vc\include\string.h(105) : 'strcpy' 선언을 참조하십시오.
     1>c:\users\tw\dropbox\99_teachingsw_etri\h&t_rts_vt\teachingsw\viapoint.cpp(244): warning C4101: 'temp' :참조되지 않은 지역 변수입니다.
     1>c:\users\tw\dropbox\99_teachingsw_etri\h&t_rts_vt\teachingsw\viapoint.cpp(280): warning C4244: '초기화 중' : 'double'에서 'int'(으)로 변환하면서 데이터가 손실될 수 있습니다.
     1>c:\users\tw\dropbox\99_teachingsw_etri\h&t_rts_vt\teachingsw\viapoint.cpp(306): warning C4018: '<' : signed 또는 unsigned가 일치하지 않습니다.
     1>c:\users\tw\dropbox\99_teachingsw_etri\h&t_rts_vt\teachingsw\viapoint.cpp(319): warning C4018: '>' : signed 또는 unsigned가 일치하지 않습니다.
     1>c:\users\tw\dropbox\99_teachingsw_etri\h&t_rts_vt\teachingsw\viapoint.cpp(326): warning C4018: '<' : signed 또는 unsigned가 일치하지 않습니다.
     1>c:\users\tw\dropbox\99_teachingsw_etri\h&t_rts_vt\teachingsw\viapoint.cpp(335): warning C4018: '>' : signed 또는 unsigned가 일치하지 않습니다.
     1>c:\users\tw\dropbox\99_teachingsw_etri\h&t_rts_vt\teachingsw\viapoint.cpp(341): warning C4018: '<' : signed 또는 unsigned가 일치하지 않습니다.
     1>c:\users\tw\dropbox\99_teachingsw_etri\h&t_rts_vt\teachingsw\viapoint.cpp(349): warning C4018: '<' : signed 또는 unsigned가 일치하지 않습니다.
     1>c:\users\tw\dropbox\99_teachingsw_etri\h&t_rts_vt\teachingsw\viapoint.cpp(358): warning C4018: '<' : signed 또는 unsigned가 일치하지 않습니다.
     1>c:\users\tw\dropbox\99_teachingsw_etri\h&t_rts_vt\teachingsw\viapoint.cpp(367): warning C4018: '<' : signed 또는 unsigned가 일치하지 않습니다.
     1>c:\users\tw\dropbox\99_teachingsw_etri\h&t_rts_vt\teachingsw\viapoint.cpp(432): warning C4018: '<' : signed 또는 unsigned가 일치하지 않습니다.
         T_Omni.cpp
     1>c:\users\tw\dropbox\99_teachingsw_etri\h&t_rts_vt\teachingsw\t_omni.cpp(70): warning C4996: 'getch': The POSIX name for this item is deprecated. Instead, use the ISO C++ conformant name: _getch. See online help for details.
                 c:\program files (x86)\microsoft visual studio 10.0\vc\include\conio.h(128) : 'getch' 선언을 참조하십시오.
     1>c:\users\tw\dropbox\99_teachingsw_etri\h&t_rts_vt\teachingsw\t_omni.cpp(83): warning C4996: 'getch': The POSIX name for this item is deprecated. Instead, use the ISO C++ conformant name: _getch. See online help for details.
                 c:\program files (x86)\microsoft visual studio 10.0\vc\include\conio.h(128) : 'getch' 선언을 참조하십시오.
     1>c:\users\tw\dropbox\99_teachingsw_etri\h&t_rts_vt\teachingsw\t_omni.cpp(619): warning C4996: 'getch': The POSIX name for this item is deprecated. Instead, use the ISO C++ conformant name: _getch. See online help for details.
                 c:\program files (x86)\microsoft visual studio 10.0\vc\include\conio.h(128) : 'getch' 선언을 참조하십시오.
     1>c:\users\tw\dropbox\99_teachingsw_etri\h&t_rts_vt\teachingsw\t_omni.cpp(639): warning C4996: 'getch': The POSIX name for this item is deprecated. Instead, use the ISO C++ conformant name: _getch. See online help for details.
                 c:\program files (x86)\microsoft visual studio 10.0\vc\include\conio.h(128) : 'getch' 선언을 참조하십시오.
     1>c:\users\tw\dropbox\99_teachingsw_etri\h&t_rts_vt\teachingsw\t_omni.cpp(867): warning C4996: 'getch': The POSIX name for this item is deprecated. Instead, use the ISO C++ conformant name: _getch. See online help for details.
                 c:\program files (x86)\microsoft visual studio 10.0\vc\include\conio.h(128) : 'getch' 선언을 참조하십시오.
     1>c:\users\tw\dropbox\99_teachingsw_etri\h&t_rts_vt\teachingsw\t_omni.cpp(941): warning C4244: '=' : 'clock_t'에서 'float'(으)로 변환하면서 데이터가 손실될 수 있습니다.
     1>c:\users\tw\dropbox\99_teachingsw_etri\h&t_rts_vt\teachingsw\t_omni.cpp(978): warning C4244: '=' : 'clock_t'에서 'float'(으)로 변환하면서 데이터가 손실될 수 있습니다.
     1>c:\users\tw\dropbox\99_teachingsw_etri\h&t_rts_vt\teachingsw\t_omni.cpp(1016): warning C4244: '=' : 'clock_t'에서 'float'(으)로 변환하면서 데이터가 손실될 수 있습니다.
         T_Exo.cpp
     1>c:\users\tw\dropbox\99_teachingsw_etri\h&t_rts_vt\teachingsw\t_exo.cpp(10): warning C4244: '인수' : 'double'에서 'int'(으)로 변환하면서 데이터가 손실될 수 있습니다.
     1>c:\users\tw\dropbox\99_teachingsw_etri\h&t_rts_vt\teachingsw\t_exo.cpp(11): warning C4244: '인수' : 'double'에서 'int'(으)로 변환하면서 데이터가 손실될 수 있습니다.
     1>c:\users\tw\dropbox\99_teachingsw_etri\h&t_rts_vt\teachingsw\t_exo.cpp(12): warning C4244: '인수' : 'double'에서 'int'(으)로 변환하면서 데이터가 손실될 수 있습니다.
     1>c:\users\tw\dropbox\99_teachingsw_etri\h&t_rts_vt\teachingsw\t_exo.cpp(13): warning C4244: '인수' : 'double'에서 'int'(으)로 변환하면서 데이터가 손실될 수 있습니다.
     1>c:\users\tw\dropbox\99_teachingsw_etri\h&t_rts_vt\teachingsw\t_exo.cpp(81): warning C4996: 'sscanf': This function or variable may be unsafe. Consider using sscanf_s instead. To disable deprecation, use _CRT_SECURE_NO_WARNINGS. See online help for details.
                 c:\program files (x86)\microsoft visual studio 10.0\vc\include\stdio.h(325) : 'sscanf' 선언을 참조하십시오.
         TeachingSW_HM.cpp
     1>c:\users\tw\dropbox\99_teachingsw_etri\h&t_rts_vt\teachingsw\teachingsw_hm.cpp(188): warning C4996: 'fopen': This function or variable may be unsafe. Consider using fopen_s instead. To disable deprecation, use _CRT_SECURE_NO_WARNINGS. See online help for details.
                 c:\program files (x86)\microsoft visual studio 10.0\vc\include\stdio.h(234) : 'fopen' 선언을 참조하십시오.
     1>c:\users\tw\dropbox\99_teachingsw_etri\h&t_rts_vt\teachingsw\teachingsw_hm.cpp(215): warning C4996: 'fopen': This function or variable may be unsafe. Consider using fopen_s instead. To disable deprecation, use _CRT_SECURE_NO_WARNINGS. See online help for details.
                 c:\program files (x86)\microsoft visual studio 10.0\vc\include\stdio.h(234) : 'fopen' 선언을 참조하십시오.
     1>c:\users\tw\dropbox\99_teachingsw_etri\h&t_rts_vt\teachingsw\teachingsw_hm.cpp(223): warning C4996: 'sprintf': This function or variable may be unsafe. Consider using sprintf_s instead. To disable deprecation, use _CRT_SECURE_NO_WARNINGS. See online help for details.
                 c:\program files (x86)\microsoft visual studio 10.0\vc\include\stdio.h(371) : 'sprintf' 선언을 참조하십시오.
     1>c:\users\tw\dropbox\99_teachingsw_etri\h&t_rts_vt\teachingsw\teachingsw_hm.cpp(1931): warning C4244: '=' : 'double'에서 'float'(으)로 변환하면서 데이터가 손실될 수 있습니다.
     1>c:\users\tw\dropbox\99_teachingsw_etri\h&t_rts_vt\teachingsw\teachingsw_hm.cpp(1932): warning C4244: '=' : 'double'에서 'float'(으)로 변환하면서 데이터가 손실될 수 있습니다.
     1>c:\users\tw\dropbox\99_teachingsw_etri\h&t_rts_vt\teachingsw\teachingsw_hm.cpp(1933): warning C4244: '=' : 'double'에서 'float'(으)로 변환하면서 데이터가 손실될 수 있습니다.
     1>c:\users\tw\dropbox\99_teachingsw_etri\h&t_rts_vt\teachingsw\teachingsw_hm.cpp(1941): warning C4244: '=' : 'double'에서 'float'(으)로 변환하면서 데이터가 손실될 수 있습니다.
     1>c:\users\tw\dropbox\99_teachingsw_etri\h&t_rts_vt\teachingsw\teachingsw_hm.cpp(1942): warning C4244: '=' : 'double'에서 'float'(으)로 변환하면서 데이터가 손실될 수 있습니다.
     1>c:\users\tw\dropbox\99_teachingsw_etri\h&t_rts_vt\teachingsw\teachingsw_hm.cpp(1943): warning C4244: '=' : 'double'에서 'float'(으)로 변환하면서 데이터가 손실될 수 있습니다.
         Robot.cpp
     1>c:\users\tw\dropbox\99_teachingsw_etri\h&t_rts_vt\teachingsw\robot.cpp(121): warning C4018: '>' : signed 또는 unsigned가 일치하지 않습니다.
     1>c:\users\tw\dropbox\99_teachingsw_etri\h&t_rts_vt\teachingsw\robot.cpp(275): warning C4800: 'BOOL' : 'true' 또는 'false'로 bool 값을 강제하고 있습니다(성능 경고).
     1>c:\users\tw\dropbox\99_teachingsw_etri\h&t_rts_vt\teachingsw\robot.cpp(291): warning C4018: '>' : signed 또는 unsigned가 일치하지 않습니다.
     1>c:\users\tw\dropbox\99_teachingsw_etri\h&t_rts_vt\teachingsw\robot.cpp(491): warning C4018: '<' : signed 또는 unsigned가 일치하지 않습니다.
     1>c:\users\tw\dropbox\99_teachingsw_etri\h&t_rts_vt\teachingsw\robot.cpp(535): warning C4018: '<' : signed 또는 unsigned가 일치하지 않습니다.
     1>c:\users\tw\dropbox\99_teachingsw_etri\h&t_rts_vt\teachingsw\robot.cpp(842): warning C4018: '<' : signed 또는 unsigned가 일치하지 않습니다.
     1>c:\users\tw\dropbox\99_teachingsw_etri\h&t_rts_vt\teachingsw\robot.cpp(849): warning C4018: '<' : signed 또는 unsigned가 일치하지 않습니다.
     1>c:\users\tw\dropbox\99_teachingsw_etri\h&t_rts_vt\teachingsw\robot.cpp(857): warning C4018: '<' : signed 또는 unsigned가 일치하지 않습니다.
     1>c:\users\tw\dropbox\99_teachingsw_etri\h&t_rts_vt\teachingsw\robot.cpp(886): warning C4018: '<' : signed 또는 unsigned가 일치하지 않습니다.
     1>c:\users\tw\dropbox\99_teachingsw_etri\h&t_rts_vt\teachingsw\robot.cpp(897): warning C4018: '<' : signed 또는 unsigned가 일치하지 않습니다.
     1>c:\users\tw\dropbox\99_teachingsw_etri\h&t_rts_vt\teachingsw\robot.cpp(905): warning C4018: '<' : signed 또는 unsigned가 일치하지 않습니다.
         코드를 생성하고 있습니다...
     1>c:\users\tw\dropbox\99_teachingsw_etri\h&t_rts_vt\teachingsw\t_omni.cpp(881): warning C4715: 'T_Omni::initDemo' : 모든 제어 경로에서 값을 반환하지는 않습니다.
       Lib:
         C:\Program Files (x86)\Microsoft Visual Studio 10.0\VC\bin\Lib.exe /OUT:"C:\Users\tw\Dropbox\99_TeachingSW_ETRI\H&T_RTS_vT\Debug\TeachingSWd.lib" hd.lib hdu.lib hl.lib /LIBPATH:"C:\Users\tw\Dropbox\99_TeachingSW_ETRI\H&T_RTS_vT\\3rdparty\GL\Libs\Debug" /LIBPATH:"C:\Users\tw\Dropbox\99_TeachingSW_ETRI\H&T_RTS_vT\3rdparty\Omni\Libs\win32" /LIBPATH:"C:\Users\tw\Dropbox\99_TeachingSW_ETRI\H&T_RTS_vT\3rdparty\Omni\Libs\utilities\Win32\Debug" /LIBPATH:"F:\Program Files (x86)\MATLAB\R2010a\extern\lib\win32\microsoft" /NOLOGO Debug\Precompiled.obj
         Debug\Robot.obj
         Debug\TeachingSW_HM.obj
         Debug\T_Exo.obj
         Debug\T_Omni.obj
         Debug\ViaPoint.obj
     1>hl.lib(hl.dll) : warning LNK4006: __NULL_IMPORT_DESCRIPTOR이(가) hd.lib(hd.dll)에 이미 정의되어 있습니다. 초 정의가 무시됩니다.
     1>hl.lib(hl.dll) : warning LNK4221: 이 개체 파일은 이전에 정의되지 않은 공용 기호를 정의하지 않으므로 이 라이브러리를 사용하는 어떠한 링크 작업에도 사용되지 않습니다.
     1>Precompiled.obj : warning LNK4221: 이 개체 파일은 이전에 정의되지 않은 공용 기호를 정의하지 않으므로 이 라이브러리를 사용하는 어떠한 링크 작업에도 사용되지 않습니다.
         TeachingSW.vcxproj -> C:\Users\tw\Dropbox\99_TeachingSW_ETRI\H&T_RTS_vT\Debug\TeachingSWd.lib
       PostBuildEvent:
         copy "C:\Users\tw\Dropbox\99_TeachingSW_ETRI\H&T_RTS_vT\Debug\TeachingSWd.lib" "C:\Users\tw\Dropbox\99_TeachingSW_ETRI\H&T_RTS_vT\Libs\TeachingSWd.lib"
         :VCEnd
                 1개 파일이 복사되었습니다.
       FinalizeBuildStatus:
         "Debug\TeachingSW.unsuccessfulbuild" 파일을 삭제하고 있습니다.
         "Debug\TeachingSW.lastbuildstate"에 연결(touching)하고 있습니다.
     1>"C:\Users\tw\Dropbox\99_TeachingSW_ETRI\H&T_RTS_vT\TeachingSW\TeachingSW.vcxproj" 프로젝트를 빌드했습니다(rebuild 대상).

빌드했습니다.

경과 시간: 00:00:15.81
